Arguments: 
  C:\Program Files\nodejs\node.exe C:\Users\Cocacola\AppData\Roaming\npm\node_modules\yarn\bin\yarn.js

PATH: 
  C:\WINDOWS\system32;C:\WINDOWS;C:\WINDOWS\System32\Wbem;C:\WINDOWS\System32\WindowsPowerShell\v1.0\;C:\Program Files\nodejs\;C:\Program Files\Git\cmd;C:\WINDOWS\System32\OpenSSH\;C:\Users\Cocacola\AppData\Roaming\npm;C:\Program Files\Microsoft VS Code\bin;C:\Users\Cocacola\AppData\Local\Android\Sdk\platform-tools;C:\Users\Cocacola\AppData\Local\Microsoft\WindowsApps;C:\Program Files\MySQL\MySQL Server 5.7\bin;C:\Program Files\Java\jdk1.8.0_171;C:\Program Files\Java\jdk1.8.0_171\bin;C:\Users\Cocacola\AppData\Local\GitHubDesktop\bin

Yarn version: 
  1.15.2

Node version: 
  10.15.3

Platform: 
  win32 x64

Trace: 
  Error: connect ETIMEDOUT 13.229.189.0:443
      at TCPConnectWrap.afterConnect [as oncomplete] (net.js:1097:14)

npm manifest: 
  {
    "name": "wangyu1",
    "version": "0.0.0",
    "description": "No description",
    "author": null,
    "private": true,
    "main": "node_modules/expo/AppEntry.js",
    "dependencies": {
      "expo": "^31.0.0",
      "react": "16.5.0",
      "react-native": "https://github.com/expo/react-native/archive/sdk-31.0.0.tar.gz",
      "antd-mobile-rn": "2.3.1",
      "moment": "^2.22.2",
      "react-native-banner-carousel": "1.0.3",
      "react-native-paper": "2.1.3",
      "react-native-router-flux": "4.0.6",
      "react-native-webview": "2.14.0",
      "react-navigation": "2.0.0",
      "react-navigation-deprecated-tab-navigator": "*",
      "react-redux": "5.1.1",
      "redux": "^4.0.0-0",
      "redux-thunk": "^2.3.0"
    }
  }

yarn manifest: 
  No manifest

Lockfile: 
  No lockfile
